[2020-01-26 23:28:03.435] [sharedprocess] [info] main {"machineId":"90317c0ef2b26aa1a6a0745823317f8da33362b2410e7b0813d68f5d3932a4df","windowId":2}
[2020-01-26 23:28:43.372] [sharedprocess] [info] Starting to clean up unused language packs.
[2020-01-26 23:29:25.709] [sharedprocess] [info] Installing extension: eamodio.gitlens
[2020-01-26 23:29:26.490] [sharedprocess] [info] Downloaded extension: eamodio.gitlens /tmp/2ca86123-8fdb-4560-b384-e42247ddd2f8
[2020-01-26 23:29:31.143] [sharedprocess] [info] Extracted extension to /root/.vscode/extensions/.eamodio.gitlens-10.2.0: eamodio.gitlens
[2020-01-26 23:29:31.145] [sharedprocess] [info] Renamed to /root/.vscode/extensions/eamodio.gitlens-10.2.0
[2020-01-26 23:29:31.191] [sharedprocess] [info] Installation completed. eamodio.gitlens
[2020-01-26 23:29:31.311] [sharedprocess] [info] Extensions installed successfully: eamodio.gitlens
[2020-01-26 23:29:56.178] [sharedprocess] [info] Installing extension: donjayamanne.githistory
[2020-01-26 23:29:56.698] [sharedprocess] [info] Downloaded extension: donjayamanne.githistory /tmp/35ab9d1c-5d2a-46cf-a28d-0d2b8058ec1c
[2020-01-26 23:30:08.271] [sharedprocess] [info] Extracted extension to /root/.vscode/extensions/.donjayamanne.githistory-0.4.13: donjayamanne.githistory
[2020-01-26 23:30:08.272] [sharedprocess] [info] Renamed to /root/.vscode/extensions/donjayamanne.githistory-0.4.13
[2020-01-26 23:30:08.274] [sharedprocess] [info] Installation completed. donjayamanne.githistory
[2020-01-26 23:30:08.370] [sharedprocess] [info] Extensions installed successfully: donjayamanne.githistory
[2020-01-26 23:30:19.345] [sharedprocess] [info] Installing extension: mhutchie.git-graph
[2020-01-26 23:30:19.882] [sharedprocess] [info] Downloaded extension: mhutchie.git-graph /tmp/10846b77-31d6-4902-bf97-49d58958a0bb
[2020-01-26 23:30:20.269] [sharedprocess] [info] Extracted extension to /root/.vscode/extensions/.mhutchie.git-graph-1.21.0: mhutchie.git-graph
[2020-01-26 23:30:20.269] [sharedprocess] [info] Renamed to /root/.vscode/extensions/mhutchie.git-graph-1.21.0
[2020-01-26 23:30:20.272] [sharedprocess] [info] Installation completed. mhutchie.git-graph
[2020-01-26 23:30:20.342] [sharedprocess] [info] Extensions installed successfully: mhutchie.git-graph
[2020-01-26 23:32:48.929] [sharedprocess] [info] Installing extension: mehedidracula.php-namespace-resolver
[2020-01-26 23:32:49.701] [sharedprocess] [info] Downloaded extension: mehedidracula.php-namespace-resolver /tmp/b39723b9-2545-4156-a93b-0024c184da9a
[2020-01-26 23:32:49.738] [sharedprocess] [info] Extracted extension to /root/.vscode/extensions/.mehedidracula.php-namespace-resolver-1.1.8: mehedidracula.php-namespace-resolver
[2020-01-26 23:32:49.738] [sharedprocess] [info] Renamed to /root/.vscode/extensions/mehedidracula.php-namespace-resolver-1.1.8
[2020-01-26 23:32:49.740] [sharedprocess] [info] Installation completed. mehedidracula.php-namespace-resolver
[2020-01-26 23:32:49.792] [sharedprocess] [info] Extensions installed successfully: mehedidracula.php-namespace-resolver
[2020-01-26 23:35:05.215] [sharedprocess] [info] Installing extension: emallin.phpunit
[2020-01-26 23:35:05.738] [sharedprocess] [info] Downloaded extension: emallin.phpunit /tmp/f5fbdee6-9fd7-40d0-8655-da7f525d5261
[2020-01-26 23:35:05.861] [sharedprocess] [info] Extracted extension to /root/.vscode/extensions/.emallin.phpunit-4.0.2: emallin.phpunit
[2020-01-26 23:35:05.861] [sharedprocess] [info] Renamed to /root/.vscode/extensions/emallin.phpunit-4.0.2
[2020-01-26 23:35:05.861] [sharedprocess] [info] Installation completed. emallin.phpunit
[2020-01-26 23:35:05.893] [sharedprocess] [info] Extensions installed successfully: emallin.phpunit
[2020-01-26 23:36:06.264] [sharedprocess] [info] Installing extension: huizhou.githd
[2020-01-26 23:36:06.568] [sharedprocess] [info] Downloaded extension: huizhou.githd /tmp/c8a6bc3c-2fb9-4c81-b497-2dc8fdf2d214
[2020-01-26 23:36:06.638] [sharedprocess] [info] Extracted extension to /root/.vscode/extensions/.huizhou.githd-2.2.0: huizhou.githd
[2020-01-26 23:36:06.639] [sharedprocess] [info] Renamed to /root/.vscode/extensions/huizhou.githd-2.2.0
[2020-01-26 23:36:06.639] [sharedprocess] [info] Installation completed. huizhou.githd
[2020-01-26 23:36:06.679] [sharedprocess] [info] Extensions installed successfully: huizhou.githd
